\BOOKMARK [1][-]{section.1}{\376\377\000E\000i\000n\000l\000e\000i\000t\000u\000n\000g}{}% 1
\BOOKMARK [1][-]{section.2}{\376\377\000T\000h\000e\000o\000r\000e\000t\000i\000s\000c\000h\000e\000\040\000G\000r\000u\000n\000d\000l\000a\000g\000e}{}% 2
\BOOKMARK [2][-]{subsection.2.1}{\376\377\000H\000i\000s\000t\000o\000r\000i\000s\000c\000h\000e\000r\000\040\000K\000o\000n\000t\000e\000x\000t}{section.2}% 3
\BOOKMARK [2][-]{subsection.2.2}{\376\377\000G\000r\000u\000n\000d\000l\000a\000g\000e\000n\000\040\000n\000e\000u\000r\000o\000n\000a\000l\000e\000r\000\040\000N\000e\000t\000z\000e}{section.2}% 4
\BOOKMARK [2][-]{subsection.2.3}{\376\377\000M\000a\000t\000h\000e\000m\000a\000t\000i\000s\000c\000h\000e\000\040\000H\000e\000r\000l\000e\000i\000t\000u\000n\000g}{section.2}% 5
\BOOKMARK [3][-]{subsubsection.2.3.1}{\376\377\000F\000o\000r\000w\000a\000r\000d\000\040\000P\000r\000o\000p\000a\000g\000a\000t\000i\000o\000n}{subsection.2.3}% 6
\BOOKMARK [3][-]{subsubsection.2.3.2}{\376\377\000F\000e\000h\000l\000e\000r\000b\000e\000s\000t\000i\000m\000m\000u\000n\000g}{subsection.2.3}% 7
\BOOKMARK [3][-]{subsubsection.2.3.3}{\376\377\000B\000a\000c\000k\000\040\000P\000r\000o\000p\000a\000g\000a\000t\000i\000o\000n}{subsection.2.3}% 8
\BOOKMARK [1][-]{section.3}{\376\377\000I\000m\000p\000l\000e\000m\000e\000n\000t\000i\000e\000r\000u\000n\000g\000\040\000d\000e\000s\000\040\000n\000e\000u\000r\000o\000n\000a\000l\000e\000n\000\040\000N\000e\000t\000z\000w\000e\000r\000k\000s}{}% 9
\BOOKMARK [2][-]{subsection.3.1}{\376\377\000M\000N\000I\000S\000T\000-\000D\000a\000t\000e\000n\000s\000a\000t\000z}{section.3}% 10
\BOOKMARK [1][-]{section.4}{\376\377\000I\000m\000p\000l\000e\000m\000e\000n\000t\000i\000e\000r\000u\000n\000g\000\040\000d\000e\000s\000\040\000n\000e\000u\000r\000o\000n\000a\000l\000e\000n\000\040\000N\000e\000t\000z\000w\000e\000r\000k\000s\000\040\000i\000n\000\040\000C}{}% 11
\BOOKMARK [2][-]{subsection.4.1}{\376\377\000V\000e\000r\000w\000e\000n\000d\000u\000n\000g\000\040\000v\000o\000n\000\040\000O\000p\000e\000n\000M\000P}{section.4}% 12
\BOOKMARK [2][-]{subsection.4.2}{\376\377\000m\000p\000t\000\137\000n\000n}{section.4}% 13
\BOOKMARK [3][-]{subsubsection.4.2.1}{\376\377\000A\000k\000t\000i\000v\000i\000e\000r\000u\000n\000g\000s\000f\000u\000n\000k\000t\000i\000o\000n\000e\000n}{subsection.4.2}% 14
\BOOKMARK [3][-]{subsubsection.4.2.2}{\376\377\000F\000o\000r\000w\000a\000r\000d\000P\000a\000s\000s\000\050\000f\000o\000r\000w\000a\000r\000d\000p\000r\000o\000p\000a\000g\000a\000t\000i\000o\000n\000\051}{subsection.4.2}% 15
\BOOKMARK [3][-]{subsubsection.4.2.3}{\376\377\000B\000a\000c\000k\000p\000r\000o\000p\000a\000g\000a\000t\000i\000o\000n}{subsection.4.2}% 16
\BOOKMARK [2][-]{subsection.4.3}{\376\377\000m\000p\000t\000\137\000n\000n\000\137\000u\000t\000i\000l\000i\000t\000y}{section.4}% 17
\BOOKMARK [3][-]{subsubsection.4.3.1}{\376\377\000l\000o\000a\000d\000\137\000m\000n\000i\000s\000t}{subsection.4.3}% 18
\BOOKMARK [3][-]{subsubsection.4.3.2}{\376\377\000i\000n\000i\000t\000i\000a\000l\000i\000z\000e\000\137\000w\000e\000i\000g\000h\000t\000s\000\050\000\051\000,\000\040\000i\000n\000i\000t\000i\000a\000l\000i\000z\000e\000\137\000b\000i\000a\000s\000\050\000\051}{subsection.4.3}% 19
\BOOKMARK [3][-]{subsubsection.4.3.3}{\376\377\000a\000p\000p\000l\000y\000\137\000d\000r\000o\000p\000o\000u\000t\000\050\000\051}{subsection.4.3}% 20
\BOOKMARK [3][-]{subsubsection.4.3.4}{\376\377\000v\000i\000s\000u\000a\000l\000i\000z\000e\000\137\000m\000n\000i\000s\000t\000\137\000d\000i\000g\000i\000t\000\050\000\051}{subsection.4.3}% 21
\BOOKMARK [3][-]{subsubsection.4.3.5}{\376\377\000p\000r\000i\000n\000t\000\137\000o\000p\000t\000i\000o\000n\000s\000\050\000\051}{subsection.4.3}% 22
\BOOKMARK [2][-]{subsection.4.4}{\376\377\000m\000a\000i\000n}{section.4}% 23
\BOOKMARK [3][-]{subsubsection.4.4.1}{\376\377\000V\000e\000r\000a\000r\000b\000e\000i\000t\000u\000n\000g\000\040\000d\000e\000r\000\040\000c\000o\000m\000m\000a\000n\000d\000\040\000l\000i\000n\000e\000\040\000P\000a\000r\000a\000m\000e\000t\000e\000r}{subsection.4.4}% 24
\BOOKMARK [3][-]{subsubsection.4.4.2}{\376\377\000I\000n\000i\000t\000i\000a\000l\000i\000s\000i\000e\000r\000u\000n\000g}{subsection.4.4}% 25
\BOOKMARK [3][-]{subsubsection.4.4.3}{\376\377\000T\000r\000a\000i\000n\000i\000n\000g\000\040\000d\000e\000s\000\040\000N\000e\000t\000z\000w\000e\000r\000k\000s}{subsection.4.4}% 26
\BOOKMARK [3][-]{subsubsection.4.4.4}{\376\377\000S\000p\000e\000i\000c\000h\000e\000r\000f\000r\000e\000i\000g\000a\000b\000e}{subsection.4.4}% 27
\BOOKMARK [2][-]{subsection.4.5}{\376\377\000m\000p\000t\000\137\000n\000n\000\137\000t\000e\000s\000t\000s}{section.4}% 28
\BOOKMARK [3][-]{subsubsection.4.5.1}{\376\377\000t\000e\000s\000t\000\137\000s\000i\000g\000m\000o\000i\000d\000\050\000\051}{subsection.4.5}% 29
\BOOKMARK [3][-]{subsubsection.4.5.2}{\376\377\000t\000e\000s\000t\000\137\000i\000n\000i\000t\000i\000a\000l\000i\000z\000e\000\137\000w\000e\000i\000g\000h\000t\000s\000\050\000\051}{subsection.4.5}% 30
\BOOKMARK [3][-]{subsubsection.4.5.3}{\376\377\000t\000e\000s\000t\000\137\000f\000o\000r\000w\000a\000r\000d\000\137\000p\000a\000s\000s\000\050\000\051\000,\000\040\000t\000e\000s\000t\000\137\000b\000a\000c\000k\000p\000r\000o\000p\000a\000g\000a\000t\000i\000o\000n\000\050\000\051}{subsection.4.5}% 31
\BOOKMARK [1][-]{section.5}{\376\377\000E\000r\000g\000e\000b\000n\000i\000s\000s\000e}{}% 32
\BOOKMARK [2][-]{subsection.5.1}{\376\377\000E\000r\000s\000t\000e\000\040\000T\000e\000s\000t\000l\000\344\000u\000f\000e}{section.5}% 33
\BOOKMARK [2][-]{subsection.5.2}{\376\377\000B\000e\000n\000c\000h\000m\000a\000r\000k\000a\000n\000a\000l\000y\000s\000e\000\040\000m\000i\000t\000\040\000H\000y\000p\000e\000r\000f\000i\000n\000e}{section.5}% 34
\BOOKMARK [2][-]{subsection.5.3}{\376\377\000L\000e\000r\000n\000f\000o\000r\000t\000s\000c\000h\000r\000i\000t\000t\000\040\000u\000n\000d\000\040\000V\000o\000r\000h\000e\000r\000s\000a\000g\000b\000a\000r\000k\000e\000i\000t}{section.5}% 35
\BOOKMARK [1][-]{section.6}{\376\377\000A\000u\000s\000w\000e\000r\000t\000u\000n\000g\000\040\000u\000n\000d\000\040\000F\000a\000z\000i\000t}{}% 36
